<?xml version="1.0" encoding="UTF-8"?>
<testsuite xmlns:xsi="http://www.w3.org/2001/XMLSchema-instance" xsi:noNamespaceSchemaLocation="https://maven.apache.org/surefire/maven-surefire-plugin/xsd/surefire-test-report-3.0.xsd" version="3.0" name="com.merca.back.BackApplicationTests" time="14.22" tests="1" errors="0" skipped="0" failures="0">
  <properties>
[...]
</properties>
  <testcase name="contextLoads" classname="com.merca.back.BackApplicationTests" time="0.815">
    <system-out><![CDATA[20:11:56.449 [main] INFO org.springframework.test.context.support.AnnotationConfigContextLoaderUtils -- Could not detect default configuration classes for test class [com.merca.back.BackApplicationTests]: BackApplicationTests does not declare any static, non-private, non-final, nested classes annotated with @Configuration.
20:11:56.667 [main] INFO org.springframework.boot.test.context.SpringBootTestContextBootstrapper -- Found @SpringBootConfiguration com.merca.back.BackApplication for test class com.merca.back.BackApplicationTests

  .   ____          _            __ _ _
 /\\ / ___'_ __ _ _(_)_ __  __ _ \ \ \ \
( ( )\___ | '_ | '_| | '_ \/ _` | \ \ \ \
 \\/  ___)| |_)| | | | | || (_| |  ) ) ) )
  '  |____| .__|_| |_|_| |_\__, | / / / /
 =========|_|==============|___/=/_/_/_/
 :: Spring Boot ::                (v3.1.0)

2023-06-20T20:11:57.368-03:00  INFO 1192 --- [           main] com.merca.back.BackApplicationTests      : Starting BackApplicationTests using Java 20.0.1 with PID 1192 (started by Diego in C:\Users\Diego\Desktop\MercaLibre\Back)
2023-06-20T20:11:57.370-03:00  INFO 1192 --- [           main] com.merca.back.BackApplicationTests      : No active profile set, falling back to 1 default profile: "default"
2023-06-20T20:11:58.972-03:00  INFO 1192 --- [           main] .s.d.r.c.RepositoryConfigurationDelegate : Bootstrapping Spring Data JPA repositories in DEFAULT mode.
2023-06-20T20:11:59.108-03:00  INFO 1192 --- [           main] .s.d.r.c.RepositoryConfigurationDelegate : Finished Spring Data repository scanning in 110 ms. Found 8 JPA repository interfaces.
2023-06-20T20:12:00.092-03:00  INFO 1192 --- [           main] o.hibernate.jpa.internal.util.LogHelper  : HHH000204: Processing PersistenceUnitInfo [name: default]
2023-06-20T20:12:00.201-03:00  INFO 1192 --- [           main] org.hibernate.Version                    : HHH000412: Hibernate ORM core version 6.2.2.Final
2023-06-20T20:12:00.204-03:00  INFO 1192 --- [           main] org.hibernate.cfg.Environment            : HHH000406: Using bytecode reflection optimizer
2023-06-20T20:12:00.603-03:00  INFO 1192 --- [           main] o.h.b.i.BytecodeProviderInitiator        : HHH000021: Bytecode provider name : bytebuddy
2023-06-20T20:12:00.831-03:00  INFO 1192 --- [           main] o.s.o.j.p.SpringPersistenceUnitInfo      : No LoadTimeWeaver setup: ignoring JPA class transformer
2023-06-20T20:12:00.852-03:00  INFO 1192 --- [           main] com.zaxxer.hikari.HikariDataSource       : HikariPool-1 - Starting...
2023-06-20T20:12:01.146-03:00  INFO 1192 --- [           main] com.zaxxer.hikari.pool.HikariPool        : HikariPool-1 - Added connection com.mysql.cj.jdbc.ConnectionImpl@23afc725
2023-06-20T20:12:01.148-03:00  INFO 1192 --- [           main] com.zaxxer.hikari.HikariDataSource       : HikariPool-1 - Start completed.
2023-06-20T20:12:01.238-03:00  INFO 1192 --- [           main] org.hibernate.orm.dialect                : HHH035001: Using dialect: org.hibernate.dialect.MySQL8Dialect, version: 8.0
2023-06-20T20:12:01.239-03:00  WARN 1192 --- [           main] org.hibernate.orm.deprecation            : HHH90000026: MySQL8Dialect has been deprecated; use org.hibernate.dialect.MySQLDialect instead
2023-06-20T20:12:01.624-03:00  INFO 1192 --- [           main] o.h.b.i.BytecodeProviderInitiator        : HHH000021: Bytecode provider name : bytebuddy
2023-06-20T20:12:02.589-03:00  INFO 1192 --- [           main] o.h.e.t.j.p.i.JtaPlatformInitiator       : HHH000490: Using JtaPlatform implementation: [org.hibernate.engine.transaction.jta.platform.internal.NoJtaPlatform]
2023-06-20T20:12:06.546-03:00  INFO 1192 --- [           main] j.LocalContainerEntityManagerFactoryBean : Initialized JPA EntityManagerFactory for persistence unit 'default'
2023-06-20T20:12:07.127-03:00  INFO 1192 --- [           main] o.s.d.j.r.query.QueryEnhancerFactory     : Hibernate is in classpath; If applicable, HQL parser will be used.
2023-06-20T20:12:08.992-03:00  INFO 1192 --- [           main] o.s.s.web.DefaultSecurityFilterChain     : Will secure any request with [org.springframework.security.web.session.DisableEncodeUrlFilter@5de769c8, org.springframework.security.web.context.request.async.WebAsyncManagerIntegrationFilter@13668c8b, org.springframework.security.web.context.SecurityContextHolderFilter@5031786b, org.springframework.security.web.header.HeaderWriterFilter@5503e208, org.springframework.web.filter.CorsFilter@10ecdd85, org.springframework.security.web.authentication.logout.LogoutFilter@2044a11b, com.merca.back.security.jwt.JwtTokenFilter@3d805670, org.springframework.security.web.savedrequest.RequestCacheAwareFilter@4f578fc2, org.springframework.security.web.servletapi.SecurityContextHolderAwareRequestFilter@26350832, org.springframework.security.web.authentication.AnonymousAuthenticationFilter@21b05a8a, org.springframework.security.web.session.SessionManagementFilter@2d17b6ad, org.springframework.security.web.access.ExceptionTranslationFilter@f9b97dc, org.springframework.security.web.access.intercept.FilterSecurityInterceptor@55aadbf2]
2023-06-20T20:12:09.465-03:00  INFO 1192 --- [           main] com.merca.back.BackApplicationTests      : Started BackApplicationTests in 12.552 seconds (process running for 14.155)
]]></system-out>
  </testcase>
</testsuite>